<?xml version="1.0" encoding="UTF-8"?>
<!-- Generated by org.testng.reporters.JUnitXMLReporter -->
<testsuite ignored="0" hostname="GAYATHRI" failures="0" tests="1" name="firefoxTest" time="0.022" errors="0" timestamp="2023-06-03T23:45:06 IST">
  <testcase classname="testng.Crossbrowsertest" name="@BeforeTest setUp" time="-1.685816106354E9">
    <failure type="org.testng.TestNGException" message="
Parameter &amp;apos;browser&amp;apos; is required by BeforeTest on method setUp but has not been marked @Optional or defined
in C:\Users\gayat\eclipse-workspace\WEBDRIVERMARCH\testngcross.xml">
      <![CDATA[org.testng.TestNGException: 
Parameter 'browser' is required by BeforeTest on method setUp but has not been marked @Optional or defined
in C:\Users\gayat\eclipse-workspace\WEBDRIVERMARCH\testngcross.xml
... Removed 21 stack frames]]>
    </failure>
  </testcase> <!-- @BeforeTest setUp -->
  <testcase classname="testng.Crossbrowsertest" name="test" time="0.001">
    <skipped/>
  </testcase> <!-- test -->
</testsuite> <!-- firefoxTest -->
